<?xml version="1.0" encoding="UTF-8"?>
<!-- Generated by org.testng.reporters.JUnitReportReporter -->
<testsuite hostname="Prasannakumar" failures="0" tests="5" name="DemoPriority" time="0.011" errors="0" timestamp="2024-06-07T10:46:15 IST" skipped="0">
  <testcase classname="DemoPriority" name="B" time="0.006"/>
  <system-out/>
  <testcase classname="DemoPriority" name="E" time="0.002"/>
  <system-out/>
  <testcase classname="DemoPriority" name="D" time="0.002"/>
  <system-out/>
  <testcase classname="DemoPriority" name="A" time="0.000"/>
  <system-out/>
  <testcase classname="DemoPriority" name="C" time="0.001"/>
  <system-out/>
</testsuite> <!-- DemoPriority -->
