<?xml version="1.0" encoding="UTF-8"?>
<!-- Generated by org.testng.reporters.JUnitReportReporter -->
<testsuite hostname="Prasannakumar" failures="0" tests="3" name="LoginFunction" time="12.161" errors="0" timestamp="2024-06-05T09:50:06 IST" skipped="0">
  <testcase classname="LoginFunction" name="verifyLoginFunctionWithvalidusernameAndInvalidpwd" time="4.148"/>
  <system-out/>
  <testcase classname="LoginFunction" name="verifyLoginDunctionWithValidData" time="4.705"/>
  <system-out/>
  <testcase classname="LoginFunction" name="verifyLoginFunctionWithInvalidData" time="3.308"/>
  <system-out/>
</testsuite> <!-- LoginFunction -->
