<?xml version="1.0" encoding="UTF-8"?>
<!-- Generated by org.testng.reporters.JUnitReportReporter -->
<testsuite hostname="Prasannakumar" failures="0" tests="1" name="xmlexample.B" time="0.007" errors="0" timestamp="2024-06-13T10:53:25 IST" skipped="0">
  <testcase classname="xmlexample.B" name="m5" time="0.007"/>
  <system-out/>
</testsuite> <!-- xmlexample.B -->
