<?xml version="1.0" encoding="UTF-8"?>
<!-- Generated by org.testng.reporters.JUnitReportReporter -->
<testsuite hostname="Prasannakumar" failures="0" tests="1" name="waitsExample.DemoForExlplicitywait" time="7.566" errors="0" timestamp="2024-06-12T10:24:32 IST" skipped="0">
  <testcase classname="waitsExample.DemoForExlplicitywait" name="ClickTheElement" time="7.566"/>
  <system-out/>
</testsuite> <!-- waitsExample.DemoForExlplicitywait -->
