<?xml version="1.0" encoding="UTF-8"?>
<!-- Generated by org.testng.reporters.JUnitReportReporter -->
<testsuite hostname="Prasannakumar" failures="0" tests="1" name="mouseacttions.DemoForMouseActions" time="3.889" errors="0" timestamp="2024-06-06T10:22:45 IST" skipped="0">
  <testcase classname="mouseacttions.DemoForMouseActions" name="verifyDragAndDropClick" time="3.889"/>
  <system-out/>
</testsuite> <!-- mouseacttions.DemoForMouseActions -->
