<?xml version="1.0" encoding="UTF-8"?>
<!-- Generated by org.testng.reporters.JUnitReportReporter -->
<testsuite hostname="Prasannakumar" failures="0" tests="3" name="xmlexample.D" time="0.003" errors="0" timestamp="2024-06-13T10:53:25 IST" skipped="0">
  <testcase classname="xmlexample.D" name="m12" time="0.001"/>
  <system-out/>
  <testcase classname="xmlexample.D" name="m11" time="0.001"/>
  <system-out/>
  <testcase classname="xmlexample.D" name="m10" time="0.001"/>
  <system-out/>
</testsuite> <!-- xmlexample.D -->
