<?xml version="1.0" encoding="UTF-8"?>
<!-- Generated by org.testng.reporters.JUnitReportReporter -->
<testsuite hostname="Prasannakumar" failures="0" tests="1" name="webtable.HandleWebTable" time="10.321" errors="0" timestamp="2024-06-07T10:36:32 IST" skipped="0">
  <testcase classname="webtable.HandleWebTable" name="getTableData" time="10.321"/>
  <system-out/>
</testsuite> <!-- webtable.HandleWebTable -->
