<?xml version="1.0" encoding="UTF-8"?>
<!-- Generated by org.testng.reporters.JUnitReportReporter -->
<testsuite hostname="Prasannakumar" failures="0" tests="1" name="demoparamas.B" time="0.000" errors="0" timestamp="2024-06-14T11:22:14 IST" skipped="0">
  <testcase classname="demoparamas.B" name="m1" time="0.000"/>
  <system-out/>
</testsuite> <!-- demoparamas.B -->
