<?xml version="1.0" encoding="UTF-8"?>
<!-- Generated by org.testng.reporters.JUnitReportReporter -->
<testsuite hostname="Prasannakumar" failures="0" tests="2" name="xmlexample.A" time="0.002" errors="0" timestamp="2024-06-13T10:53:25 IST" skipped="0">
  <testcase classname="xmlexample.A" name="m2" time="0.001"/>
  <system-out/>
  <testcase classname="xmlexample.A" name="m1" time="0.001"/>
  <system-out/>
</testsuite> <!-- xmlexample.A -->
