<?xml version="1.0" encoding="UTF-8"?>
<!-- Generated by org.testng.reporters.JUnitReportReporter -->
<testsuite hostname="Prasannakumar" failures="0" tests="1" name="DemoPriority" time="0.008" errors="0" timestamp="2024-06-10T11:02:34 IST" skipped="0">
  <testcase classname="DemoPriority" name="verifyLogin" time="0.008"/>
  <system-out/>
</testsuite> <!-- DemoPriority -->
