<?xml version="1.0" encoding="UTF-8"?>
<!-- Generated by org.testng.reporters.JUnitReportReporter -->
<testsuite hostname="Prasannakumar" failures="0" tests="1" name="demoparamas.C" time="0.001" errors="0" timestamp="2024-06-14T11:22:14 IST" skipped="0">
  <testcase classname="demoparamas.C" name="m1" time="0.001"/>
  <system-out/>
</testsuite> <!-- demoparamas.C -->
