<?xml version="1.0" encoding="UTF-8"?>
<!-- Generated by org.testng.reporters.JUnitReportReporter -->
<testsuite hostname="Prasannakumar" failures="0" tests="2" name="cal" time="0.016" errors="0" timestamp="2024-06-05T09:38:56 IST" skipped="0">
  <testcase classname="cal" name="sub" time="0.008"/>
  <system-out/>
  <testcase classname="cal" name="add" time="0.008"/>
  <system-out/>
</testsuite> <!-- cal -->
