<?xml version="1.0" encoding="UTF-8"?>
<!-- Generated by org.testng.reporters.JUnitReportReporter -->
<testsuite hostname="Prasannakumar" failures="0" tests="1" name="TASK" time="5.477" errors="0" timestamp="2024-06-14T10:33:33 IST" skipped="0">
  <testcase classname="TASK" name="verify_SearchFunctionalityWitheMultip" time="5.477"/>
  <system-out/>
</testsuite> <!-- TASK -->
