<?xml version="1.0" encoding="UTF-8"?>
<!-- Generated by org.testng.reporters.JUnitReportReporter -->
<testsuite hostname="Prasannakumar" failures="0" tests="3" name="DataprovideExample" time="24.710" errors="0" timestamp="2024-06-11T10:12:51 IST" skipped="0">
  <testcase classname="DataprovideExample" name="verifyLoginFunctionWithMultipleData" time="9.171"/>
  <system-out/>
  <testcase classname="DataprovideExample" name="verifyLoginFunctionWithMultipleData" time="8.187"/>
  <system-out/>
  <testcase classname="DataprovideExample" name="verifyLoginFunctionWithMultipleData" time="7.352"/>
  <system-out/>
</testsuite> <!-- DataprovideExample -->
