<?xml version="1.0" encoding="UTF-8"?>
<!-- Generated by org.testng.reporters.JUnitReportReporter -->
<testsuite hostname="Prasannakumar" failures="0" tests="1" name="xmlexample.C" time="0.001" errors="0" timestamp="2024-06-13T10:53:25 IST" skipped="0">
  <testcase classname="xmlexample.C" name="m9" time="0.001"/>
  <system-out/>
</testsuite> <!-- xmlexample.C -->
