<?xml version="1.0" encoding="UTF-8"?>
<!-- Generated by org.testng.reporters.JUnitReportReporter -->
<testsuite hostname="Prasannakumar" failures="0" tests="2" name="DemoAnnotation" time="0.007" errors="0" timestamp="2024-06-05T10:05:46 IST" skipped="0">
  <testcase classname="DemoAnnotation" name="verify" time="0.006"/>
  <system-out/>
  <testcase classname="DemoAnnotation" name="verify1" time="0.001"/>
  <system-out/>
</testsuite> <!-- DemoAnnotation -->
